#
# A fatal error has been detected by the Java Runtime Environment:
#
#  SIGSEGV (0xb) at pc=0x00007f8f9f19e4ed, pid=88344, tid=0x00007f8f690b8700
#
# JRE version: OpenJDK Runtime Environment (Zulu 8.52.0.23-CA-linux64) (8.0_282-b08) (build 1.8.0_282-b08)
# Java VM: OpenJDK 64-Bit Server VM (25.282-b08 mixed mode linux-amd64 compressed oops)
# Problematic frame:
# V  [libjvm.so+0x7dd4ed]  Klass::external_name() const+0x4d
#
# Failed to write core dump. Core dumps have been disabled. To enable core dumping, try "ulimit -c unlimited" before starting Java again
#
# If you would like to submit a bug report, please visit:
#   http://www.azulsystems.com/support/
#

---------------  T H R E A D  ---------------

Current thread (0x00007f8f2c041000):  JavaThread "Thread-1" [_thread_in_vm, id=88397, stack(0x00007f8f68fb8000,0x00007f8f690b9000)]

siginfo: si_signo: 11 (SIGSEGV), si_code: 1 (SEGV_MAPERR), si_addr: 0x0000000000000005

Registers:
RAX=0x0000000000000000, RBX=0x00000000d9000680, RCX=0x0000000000000003, RDX=0x0000000000000000
RSP=0x00007f8f690b7340, RBP=0x00007f8f690b7390, RSI=0x0000000088dc6a81, RDI=0x0000000000000005
R8 =0x0000000000000003, R9 =0x0000000000000000, R10=0x00007f8f9f9c6720, R11=0x00007f8f20001ac0
R12=0x00007f8f2c0477f0, R13=0x00007f8f441d14e0, R14=0x00007f8f441d14f0, R15=0x00007f8f441d18c8
RIP=0x00007f8f9f19e4ed, EFLAGS=0x0000000000010206, CSGSFS=0x002b000000000033, ERR=0x0000000000000004
  TRAPNO=0x000000000000000e

Top of Stack: (sp=0x00007f8f690b7340)
0x00007f8f690b7340:   00007f8f898ed390 00007f8f20004060
0x00007f8f690b7350:   00007f8f2c041000 00007f8f2c047830
0x00007f8f690b7360:   00007f8f2c034b80 f2d4c12842ffb000
0x00007f8f690b7370:   00007f8f2c041000 00007f8f2c0477f0
0x00007f8f690b7380:   00007f8f441d14e0 00007f8f441d14f0
0x00007f8f690b7390:   00007f8f690b7400 00007f8f9f040e38
0x00007f8f690b73a0:   00007f8f89045490 00000000000003d8
0x00007f8f690b73b0:   00007f8f2c041000 00007f8f690b7400
0x00007f8f690b73c0:   00007f8f2c041000 0000000000000050
0x00007f8f690b73d0:   0000000000000000 00000000d9000680
0x00007f8f690b73e0:   0000000000000000 00007f8f9cc975ca
0x00007f8f690b73f0:   00007f8f690b7480 00007f8f2c041000
0x00007f8f690b7400:   00007f8f690b7460 00007f8f89013232
0x00007f8f690b7410:   0000000088dc6a81 00007f8f890131fe
0x00007f8f690b7420:   00007f8f690b7420 00007f8f9cc975ca
0x00007f8f690b7430:   00007f8f690b7480 00007f8f9cc976a0
0x00007f8f690b7440:   00007f8f9cc97920 00007f8f9cc975e8
0x00007f8f690b7450:   0000000000000000 00007f8f690b7470
0x00007f8f690b7460:   00007f8f690b74c8 00007f8f89007b85
0x00007f8f690b7470:   0000000088dc8150 0000000000000000
0x00007f8f690b7480:   0000000000000000 00007f8f690b7488
0x00007f8f690b7490:   00007f8f699a450d 00007f8f690b74f8
0x00007f8f690b74a0:   00007f8f699a58e0 00007f8f69385400
0x00007f8f690b74b0:   00007f8f699a4538 00007f8f690b7470
0x00007f8f690b74c0:   00007f8f690b7500 0000000000000031
0x00007f8f690b74d0:   00007f8f898ef304 deaddeaf00023fca
0x00007f8f690b74e0:   00000000d87fe4a0 deaddeaf000461cb
0x00007f8f690b74f0:   deaddeaf00000000 00000000890c38c0
0x00007f8f690b7500:   0000000000000019 0000000100068930
0x00007f8f690b7510:   88da2ff800000117 0000000088da3010
0x00007f8f690b7520:   00000000864488b0 0000000100011970
0x00007f8f690b7530:   000000010013db18 0000000088da3058 

Instructions: (pc=0x00007f8f9f19e4ed)
0x00007f8f9f19e4cd:   85 d2 0f 8e eb 00 00 00 f6 87 10 01 00 00 08 0f
0x00007f8f9f19e4dd:   84 de 00 00 00 48 8b 7f 68 31 d2 48 85 ff 74 2b
0x00007f8f9f19e4ed:   48 8b 17 48 89 d0 83 e0 07 48 83 f8 01 0f 84 f0
0x00007f8f9f19e4fd:   00 00 00 48 89 d0 83 e0 03 48 83 f8 03 0f 84 d0 

Register to memory mapping:

RAX=0x0000000000000000 is an unknown value
RBX=0x00000000d9000680 is an oop

[error occurred during error reporting (printing register info), id 0xb]

Stack: [0x00007f8f68fb8000,0x00007f8f690b9000],  sp=0x00007f8f690b7340,  free space=1020k
Native frames: (J=compiled Java code, j=interpreted, Vv=VM code, C=native code)
V  [libjvm.so+0x7dd4ed]  Klass::external_name() const+0x4d
V  [libjvm.so+0x67fe38]  InterpreterRuntime::throw_ClassCastException(JavaThread*, oopDesc*)+0x78
j  algoritmo.utils.Astar$1.compare(Ljava/lang/Object;Ljava/lang/Object;)I+2
j  java.util.TimSort.countRunAndMakeAscending([Ljava/lang/Object;IILjava/util/Comparator;)I+109
J 2316 C2 algoritmo.utils.Astar.aStar(II)Lalgoritmo/utils/no; (801 bytes) @ 0x00007f8f898ef304 [0x00007f8f898eda00+0x1904]
J 2305 C2 algoritmo.Poupador.acao()I (1419 bytes) @ 0x00007f8f898bf758 [0x00007f8f898bb0e0+0x4678]
J 2433 C1 algoritmo.Ambiente.executa()V (216 bytes) @ 0x00007f8f89542914 [0x00007f8f89542060+0x8b4]
j  controle.ThreadSimulacao.run()V+12
v  ~StubRoutines::call_stub
V  [libjvm.so+0x689b14]  JavaCalls::call_helper(JavaValue*, methodHandle*, JavaCallArguments*, Thread*)+0x1074
V  [libjvm.so+0x68b067]  JavaCalls::call_virtual(JavaValue*, KlassHandle, Symbol*, Symbol*, JavaCallArguments*, Thread*)+0x2f7
V  [libjvm.so+0x68b5a0]  JavaCalls::call_virtual(JavaValue*, Handle, KlassHandle, Symbol*, Symbol*, Thread*)+0x60
V  [libjvm.so+0x726601]  thread_entry(JavaThread*, Thread*)+0x91
V  [libjvm.so+0xa98a25]  JavaThread::thread_main_inner()+0x205
V  [libjvm.so+0x940572]  java_start(Thread*)+0x132
C  [libpthread.so.0+0x9609]  start_thread+0xd9

Java frames: (J=compiled Java code, j=interpreted, Vv=VM code)
j  algoritmo.utils.Astar$1.compare(Ljava/lang/Object;Ljava/lang/Object;)I+2
j  java.util.TimSort.countRunAndMakeAscending([Ljava/lang/Object;IILjava/util/Comparator;)I+109
J 2316 C2 algoritmo.utils.Astar.aStar(II)Lalgoritmo/utils/no; (801 bytes) @ 0x00007f8f898ef304 [0x00007f8f898eda00+0x1904]
J 2305 C2 algoritmo.Poupador.acao()I (1419 bytes) @ 0x00007f8f898bf758 [0x00007f8f898bb0e0+0x4678]
J 2433 C1 algoritmo.Ambiente.executa()V (216 bytes) @ 0x00007f8f89542914 [0x00007f8f89542060+0x8b4]
j  controle.ThreadSimulacao.run()V+12
v  ~StubRoutines::call_stub

---------------  P R O C E S S  ---------------

Java Threads: ( => current thread )
  0x00007f8f2c04d800 JavaThread "Thread-2" [_thread_blocked, id=91940, stack(0x00007f8f693ba000,0x00007f8f694bb000)]
=>0x00007f8f2c041000 JavaThread "Thread-1" [_thread_in_vm, id=88397, stack(0x00007f8f68fb8000,0x00007f8f690b9000)]
  0x00007f8f2c024000 JavaThread "TimerQueue" daemon [_thread_blocked, id=88386, stack(0x00007f8f694bb000,0x00007f8f695bc000)]
  0x00007f8f60001000 JavaThread "Attach Listener" daemon [_thread_blocked, id=88384, stack(0x00007f8f695bc000,0x00007f8f696bd000)]
  0x00007f8f9800c000 JavaThread "DestroyJavaVM" [_thread_blocked, id=88346, stack(0x00007f8f9e772000,0x00007f8f9e872000)]
  0x00007f8f98423800 JavaThread "AWT-EventQueue-0" [_thread_blocked, id=88379, stack(0x00007f8f69abd000,0x00007f8f69bbe000)]
  0x00007f8f98418800 JavaThread "AWT-Shutdown" [_thread_blocked, id=88378, stack(0x00007f8f69bbe000,0x00007f8f69cbf000)]
  0x00007f8f9836b000 JavaThread "AWT-XAWT" daemon [_thread_in_native, id=88376, stack(0x00007f8f69ea5000,0x00007f8f69fa6000)]
  0x00007f8f98343000 JavaThread "Java2D Disposer" daemon [_thread_blocked, id=88375, stack(0x00007f8f69fa6000,0x00007f8f6a0a7000)]
  0x00007f8f9820a800 JavaThread "Service Thread" daemon [_thread_blocked, id=88373, stack(0x00007f8f6b15c000,0x00007f8f6b25d000)]
  0x00007f8f98207800 JavaThread "C1 CompilerThread2" daemon [_thread_blocked, id=88372, stack(0x00007f8f6b25e000,0x00007f8f6b35e000)]
  0x00007f8f98205800 JavaThread "C2 CompilerThread1" daemon [_thread_blocked, id=88371, stack(0x00007f8f6b35f000,0x00007f8f6b45f000)]
  0x00007f8f98203800 JavaThread "C2 CompilerThread0" daemon [_thread_blocked, id=88370, stack(0x00007f8f6b460000,0x00007f8f6b560000)]
  0x00007f8f981c8800 JavaThread "Monitor Ctrl-Break" daemon [_thread_in_native, id=88369, stack(0x00007f8f6b560000,0x00007f8f6b661000)]
  0x00007f8f9817f800 JavaThread "Signal Dispatcher" daemon [_thread_blocked, id=88364, stack(0x00007f8f8001d000,0x00007f8f8011e000)]
  0x00007f8f9814f800 JavaThread "Finalizer" daemon [_thread_blocked, id=88361, stack(0x00007f8f8011e000,0x00007f8f8021f000)]
  0x00007f8f9814b000 JavaThread "Reference Handler" daemon [_thread_blocked, id=88360, stack(0x00007f8f8021f000,0x00007f8f80320000)]

Other Threads:
  0x00007f8f98141800 VMThread [stack: 0x00007f8f880f2000,0x00007f8f881f2000] [id=88359]
  0x00007f8f9820d000 WatcherThread [stack: 0x00007f8f6b05c000,0x00007f8f6b15c000] [id=88374]

VM state:not at safepoint (normal execution)

VM Mutex/Monitor currently owned by a thread: None

heap address: 0x0000000086400000, size: 1948 MB, Compressed Oops mode: 32-bit
Narrow klass base: 0x0000000000000000, Narrow klass shift: 3
Compressed class space size: 1073741824 Address: 0x0000000100000000

Heap:
 PSYoungGen      total 24064K, used 17459K [0x00000000d7700000, 0x00000000ddf80000, 0x0000000100000000)
  eden space 23552K, 73% used [0x00000000d7700000,0x00000000d8804f28,0x00000000d8e00000)
  from space 512K, 6% used [0x00000000dde80000,0x00000000dde88000,0x00000000ddf00000)
  to   space 512K, 0% used [0x00000000ddf00000,0x00000000ddf00000,0x00000000ddf80000)
 ParOldGen       total 83456K, used 48755K [0x0000000086400000, 0x000000008b580000, 0x00000000d7700000)
  object space 83456K, 58% used [0x0000000086400000,0x000000008939cf70,0x000000008b580000)
 Metaspace       used 16647K, capacity 16858K, committed 17280K, reserved 1064960K
  class space    used 1985K, capacity 2068K, committed 2176K, reserved 1048576K

Card table byte_map: [0x00007f8f9d76d000,0x00007f8f9db3c000] byte_map_base: 0x00007f8f9d33b000

Marking Bits: (ParMarkBitMap*) 0x00007f8f9f9bfa80
 Begin Bits: [0x00007f8f80320000, 0x00007f8f82190000)
 End Bits:   [0x00007f8f82190000, 0x00007f8f84000000)

Polling page: 0x00007f8f9fe67000

CodeCache: size=245760Kb used=8696Kb max_used=9920Kb free=237063Kb
 bounds [0x00007f8f89000000, 0x00007f8f89a10000, 0x00007f8f98000000]
 total_blobs=2772 nmethods=2169 adapters=513
 compilation: enabled

Compilation events (10 events):
Event: 3259,617 Thread 0x00007f8f98207800 2637       3       java.util.PriorityQueue::offer (72 bytes)
Event: 3259,617 Thread 0x00007f8f98207800 nmethod 2637 0x00007f8f897fdad0 code [0x00007f8f897fdca0, 0x00007f8f897fe258]
Event: 3259,639 Thread 0x00007f8f98207800 2638       3       javax.swing.plaf.basic.BasicButtonListener::mouseMoved (1 bytes)
Event: 3259,640 Thread 0x00007f8f98207800 nmethod 2638 0x00007f8f8955fc10 code [0x00007f8f8955fd60, 0x00007f8f8955feb0]
Event: 3259,640 Thread 0x00007f8f98207800 2639   !   3       javax.swing.TimerQueue::addTimer (82 bytes)
Event: 3259,640 Thread 0x00007f8f98207800 nmethod 2639 0x00007f8f8997aa10 code [0x00007f8f8997ac00, 0x00007f8f8997b4f8]
Event: 3260,064 Thread 0x00007f8f98203800 2640       4       sun.java2d.loops.ProcessPath::TESTANDCLIP (99 bytes)
Event: 3260,066 Thread 0x00007f8f98203800 nmethod 2640 0x00007f8f89372a10 code [0x00007f8f89372b80, 0x00007f8f89372e28]
Event: 3262,914 Thread 0x00007f8f98207800 2641       1       java.awt.Component::getInputMethodRequests (2 bytes)
Event: 3262,914 Thread 0x00007f8f98207800 nmethod 2641 0x00007f8f89572050 code [0x00007f8f895721a0, 0x00007f8f895722b0]

GC Heap History (10 events):
Event: 3326,279 GC heap before
{Heap before GC invocations=2203 (full 0):
 PSYoungGen      total 24064K, used 23616K [0x00000000d7700000, 0x00000000ddf80000, 0x0000000100000000)
  eden space 23552K, 100% used [0x00000000d7700000,0x00000000d8e00000,0x00000000d8e00000)
  from space 512K, 12% used [0x00000000ddf00000,0x00000000ddf10000,0x00000000ddf80000)
  to   space 512K, 0% used [0x00000000dde80000,0x00000000dde80000,0x00000000ddf00000)
 ParOldGen       total 83456K, used 48755K [0x0000000086400000, 0x000000008b580000, 0x00000000d7700000)
  object space 83456K, 58% used [0x0000000086400000,0x000000008939cf70,0x000000008b580000)
 Metaspace       used 16647K, capacity 16858K, committed 17280K, reserved 1064960K
  class space    used 1985K, capacity 2068K, committed 2176K, reserved 1048576K
Event: 3326,282 GC heap after
Heap after GC invocations=2203 (full 0):
 PSYoungGen      total 24064K, used 64K [0x00000000d7700000, 0x00000000ddf80000, 0x0000000100000000)
  eden space 23552K, 0% used [0x00000000d7700000,0x00000000d7700000,0x00000000d8e00000)
  from space 512K, 12% used [0x00000000dde80000,0x00000000dde90000,0x00000000ddf00000)
  to   space 512K, 0% used [0x00000000ddf00000,0x00000000ddf00000,0x00000000ddf80000)
 ParOldGen       total 83456K, used 48755K [0x0000000086400000, 0x000000008b580000, 0x00000000d7700000)
  object space 83456K, 58% used [0x0000000086400000,0x000000008939cf70,0x000000008b580000)
 Metaspace       used 16647K, capacity 16858K, committed 17280K, reserved 1064960K
  class space    used 1985K, capacity 2068K, committed 2176K, reserved 1048576K
}
Event: 3327,524 GC heap before
{Heap before GC invocations=2204 (full 0):
 PSYoungGen      total 24064K, used 23616K [0x00000000d7700000, 0x00000000ddf80000, 0x0000000100000000)
  eden space 23552K, 100% used [0x00000000d7700000,0x00000000d8e00000,0x00000000d8e00000)
  from space 512K, 12% used [0x00000000dde80000,0x00000000dde90000,0x00000000ddf00000)
  to   space 512K, 0% used [0x00000000ddf00000,0x00000000ddf00000,0x00000000ddf80000)
 ParOldGen       total 83456K, used 48755K [0x0000000086400000, 0x000000008b580000, 0x00000000d7700000)
  object space 83456K, 58% used [0x0000000086400000,0x000000008939cf70,0x000000008b580000)
 Metaspace       used 16647K, capacity 16858K, committed 17280K, reserved 1064960K
  class space    used 1985K, capacity 2068K, committed 2176K, reserved 1048576K
Event: 3327,527 GC heap after
Heap after GC invocations=2204 (full 0):
 PSYoungGen      total 24064K, used 32K [0x00000000d7700000, 0x00000000ddf80000, 0x0000000100000000)
  eden space 23552K, 0% used [0x00000000d7700000,0x00000000d7700000,0x00000000d8e00000)
  from space 512K, 6% used [0x00000000ddf00000,0x00000000ddf08000,0x00000000ddf80000)
  to   space 512K, 0% used [0x00000000dde80000,0x00000000dde80000,0x00000000ddf00000)
 ParOldGen       total 83456K, used 48755K [0x0000000086400000, 0x000000008b580000, 0x00000000d7700000)
  object space 83456K, 58% used [0x0000000086400000,0x000000008939cf70,0x000000008b580000)
 Metaspace       used 16647K, capacity 16858K, committed 17280K, reserved 1064960K
  class space    used 1985K, capacity 2068K, committed 2176K, reserved 1048576K
}
Event: 3328,772 GC heap before
{Heap before GC invocations=2205 (full 0):
 PSYoungGen      total 24064K, used 23584K [0x00000000d7700000, 0x00000000ddf80000, 0x0000000100000000)
  eden space 23552K, 100% used [0x00000000d7700000,0x00000000d8e00000,0x00000000d8e00000)
  from space 512K, 6% used [0x00000000ddf00000,0x00000000ddf08000,0x00000000ddf80000)
  to   space 512K, 0% used [0x00000000dde80000,0x00000000dde80000,0x00000000ddf00000)
 ParOldGen       total 83456K, used 48755K [0x0000000086400000, 0x000000008b580000, 0x00000000d7700000)
  object space 83456K, 58% used [0x0000000086400000,0x000000008939cf70,0x000000008b580000)
 Metaspace       used 16647K, capacity 16858K, committed 17280K, reserved 1064960K
  class space    used 1985K, capacity 2068K, committed 2176K, reserved 1048576K
Event: 3328,775 GC heap after
Heap after GC invocations=2205 (full 0):
 PSYoungGen      total 24064K, used 64K [0x00000000d7700000, 0x00000000ddf80000, 0x0000000100000000)
  eden space 23552K, 0% used [0x00000000d7700000,0x00000000d7700000,0x00000000d8e00000)
  from space 512K, 12% used [0x00000000dde80000,0x00000000dde90000,0x00000000ddf00000)
  to   space 512K, 0% used [0x00000000ddf00000,0x00000000ddf00000,0x00000000ddf80000)
 ParOldGen       total 83456K, used 48755K [0x0000000086400000, 0x000000008b580000, 0x00000000d7700000)
  object space 83456K, 58% used [0x0000000086400000,0x000000008939cf70,0x000000008b580000)
 Metaspace       used 16647K, capacity 16858K, committed 17280K, reserved 1064960K
  class space    used 1985K, capacity 2068K, committed 2176K, reserved 1048576K
}
Event: 3330,019 GC heap before
{Heap before GC invocations=2206 (full 0):
 PSYoungGen      total 24064K, used 23616K [0x00000000d7700000, 0x00000000ddf80000, 0x0000000100000000)
  eden space 23552K, 100% used [0x00000000d7700000,0x00000000d8e00000,0x00000000d8e00000)
  from space 512K, 12% used [0x00000000dde80000,0x00000000dde90000,0x00000000ddf00000)
  to   space 512K, 0% used [0x00000000ddf00000,0x00000000ddf00000,0x00000000ddf80000)
 ParOldGen       total 83456K, used 48755K [0x0000000086400000, 0x000000008b580000, 0x00000000d7700000)
  object space 83456K, 58% used [0x0000000086400000,0x000000008939cf70,0x000000008b580000)
 Metaspace       used 16647K, capacity 16858K, committed 17280K, reserved 1064960K
  class space    used 1985K, capacity 2068K, committed 2176K, reserved 1048576K
Event: 3330,022 GC heap after
Heap after GC invocations=2206 (full 0):
 PSYoungGen      total 24064K, used 64K [0x00000000d7700000, 0x00000000ddf80000, 0x0000000100000000)
  eden space 23552K, 0% used [0x00000000d7700000,0x00000000d7700000,0x00000000d8e00000)
  from space 512K, 12% used [0x00000000ddf00000,0x00000000ddf10000,0x00000000ddf80000)
  to   space 512K, 0% used [0x00000000dde80000,0x00000000dde80000,0x00000000ddf00000)
 ParOldGen       total 83456K, used 48755K [0x0000000086400000, 0x000000008b580000, 0x00000000d7700000)
  object space 83456K, 58% used [0x0000000086400000,0x000000008939cf70,0x000000008b580000)
 Metaspace       used 16647K, capacity 16858K, committed 17280K, reserved 1064960K
  class space    used 1985K, capacity 2068K, committed 2176K, reserved 1048576K
}
Event: 3331,267 GC heap before
{Heap before GC invocations=2207 (full 0):
 PSYoungGen      total 24064K, used 23616K [0x00000000d7700000, 0x00000000ddf80000, 0x0000000100000000)
  eden space 23552K, 100% used [0x00000000d7700000,0x00000000d8e00000,0x00000000d8e00000)
  from space 512K, 12% used [0x00000000ddf00000,0x00000000ddf10000,0x00000000ddf80000)
  to   space 512K, 0% used [0x00000000dde80000,0x00000000dde80000,0x00000000ddf00000)
 ParOldGen       total 83456K, used 48755K [0x0000000086400000, 0x000000008b580000, 0x00000000d7700000)
  object space 83456K, 58% used [0x0000000086400000,0x000000008939cf70,0x000000008b580000)
 Metaspace       used 16647K, capacity 16858K, committed 17280K, reserved 1064960K
  class space    used 1985K, capacity 2068K, committed 2176K, reserved 1048576K
Event: 3331,270 GC heap after
Heap after GC invocations=2207 (full 0):
 PSYoungGen      total 24064K, used 32K [0x00000000d7700000, 0x00000000ddf80000, 0x0000000100000000)
  eden space 23552K, 0% used [0x00000000d7700000,0x00000000d7700000,0x00000000d8e00000)
  from space 512K, 6% used [0x00000000dde80000,0x00000000dde88000,0x00000000ddf00000)
  to   space 512K, 0% used [0x00000000ddf00000,0x00000000ddf00000,0x00000000ddf80000)
 ParOldGen       total 83456K, used 48755K [0x0000000086400000, 0x000000008b580000, 0x00000000d7700000)
  object space 83456K, 58% used [0x0000000086400000,0x000000008939cf70,0x000000008b580000)
 Metaspace       used 16647K, capacity 16858K, committed 17280K, reserved 1064960K
  class space    used 1985K, capacity 2068K, committed 2176K, reserved 1048576K
}

Deoptimization events (10 events):
Event: 3209,472 Thread 0x00007f8f98423800 Uncommon trap: reason=class_check action=maybe_recompile pc=0x00007f8f899c94d8 method=java.awt.Container.validate()V @ 35
Event: 3209,472 Thread 0x00007f8f98423800 Uncommon trap: reason=class_check action=maybe_recompile pc=0x00007f8f8998c880 method=java.awt.Container.validateTree()V @ 21
Event: 3209,472 Thread 0x00007f8f98423800 Uncommon trap: reason=unstable_if action=reinterpret pc=0x00007f8f8998c730 method=java.awt.Container.validateTree()V @ 103
Event: 3209,472 Thread 0x00007f8f98423800 Uncommon trap: reason=unstable_if action=reinterpret pc=0x00007f8f8924f0e4 method=java.awt.Component.validate()V @ 18
Event: 3209,472 Thread 0x00007f8f98423800 Uncommon trap: reason=bimorphic action=maybe_recompile pc=0x00007f8f897359a8 method=java.awt.Component.repaintParentIfNeeded(IIII)V @ 37
Event: 3209,472 Thread 0x00007f8f98423800 Uncommon trap: reason=bimorphic action=maybe_recompile pc=0x00007f8f897359a8 method=java.awt.Component.repaintParentIfNeeded(IIII)V @ 37
Event: 3209,473 Thread 0x00007f8f98423800 Uncommon trap: reason=unstable_if action=reinterpret pc=0x00007f8f89650c88 method=sun.java2d.loops.ProcessPath.ProcessMonotonicCubic(Lsun/java2d/loops/ProcessPath$ProcessHandler;[F[I)V @ 493
Event: 3210,599 Thread 0x00007f8f98423800 Uncommon trap: reason=unstable_if action=reinterpret pc=0x00007f8f8995d5cc method=java.awt.Component.invalidateParent()V @ 4
Event: 3215,318 Thread 0x00007f8f98423800 Uncommon trap: reason=predicate action=maybe_recompile pc=0x00007f8f8931eb9c method=java.util.TimSort.reverseRange([Ljava/lang/Object;II)V @ 8
Event: 3332,197 Thread 0x00007f8f2c041000 Uncommon trap: reason=class_check action=maybe_recompile pc=0x00007f8f898237b0 method=algoritmo.utils.Astar$1.compare(Ljava/lang/Object;Ljava/lang/Object;)I @ 2

Classes redefined (0 events):
No events

Internal exceptions (10 events):
Event: 0,968 Thread 0x00007f8f98423800 Exception <a 'java/lang/UnsupportedOperationException': > (0x00000000d85789d0) thrown at [/export/home/tester/jenkins/workspace/zulu8-silver-build-rhel64/zulu-src/hotspot/src/share/vm/prims/jni.cpp, line 738]
Event: 2,329 Thread 0x00007f8f98423800 Exception <a 'java/lang/UnsupportedOperationException': > (0x00000000d8b76580) thrown at [/export/home/tester/jenkins/workspace/zulu8-silver-build-rhel64/zulu-src/hotspot/src/share/vm/prims/jni.cpp, line 738]
Event: 6,443 Thread 0x00007f8f2c041000 Exception <a 'java/lang/InterruptedException': sleep interrupted> (0x00000000d916ceb0) thrown at [/export/home/tester/jenkins/workspace/zulu8-silver-build-rhel64/zulu-src/hotspot/src/share/vm/prims/jvm.cpp, line 3368]
Event: 23,258 Thread 0x00007f8f2c041000 Exception <a 'java/lang/InterruptedException': sleep interrupted> (0x00000000d83dc518) thrown at [/export/home/tester/jenkins/workspace/zulu8-silver-build-rhel64/zulu-src/hotspot/src/share/vm/prims/jvm.cpp, line 3368]
Event: 241,780 Thread 0x00007f8f2c041000 Exception <a 'java/lang/InterruptedException': sleep interrupted> (0x00000000d8289908) thrown at [/export/home/tester/jenkins/workspace/zulu8-silver-build-rhel64/zulu-src/hotspot/src/share/vm/prims/jvm.cpp, line 3368]
Event: 327,448 Thread 0x00007f8f98423800 Exception <a 'java/lang/ArrayIndexOutOfBoundsException'> (0x00000000d88f54d0) thrown at [/export/home/tester/jenkins/workspace/zulu8-silver-build-rhel64/zulu-src/hotspot/src/share/vm/prims/jvm.cpp, line 1533]
Event: 327,448 Thread 0x00007f8f98423800 Exception <a 'java/lang/ArrayIndexOutOfBoundsException'> (0x00000000d88f54d0) thrown at [/export/home/tester/jenkins/workspace/zulu8-silver-build-rhel64/zulu-src/hotspot/src/share/vm/prims/jvm.cpp, line 1533]
Event: 3210,599 Thread 0x00007f8f98423800 Implicit null exception at 0x00007f8f8995d293 to 0x00007f8f8995d5c1
Event: 3259,450 Thread 0x00007f8f2c04d800 Exception <a 'java/lang/InterruptedException'> (0x00000000d8879098) thrown at [/export/home/tester/jenkins/workspace/zulu8-silver-build-rhel64/zulu-src/hotspot/src/share/vm/runtime/objectMonitor.cpp, line 1503]
Event: 3259,452 Thread 0x00007f8f2c04d800 Exception <a 'java/lang/InterruptedException'> (0x00000000d887ad10) thrown at [/export/home/tester/jenkins/workspace/zulu8-silver-build-rhel64/zulu-src/hotspot/src/share/vm/runtime/objectMonitor.cpp, line 1503]

Events (10 events):
Event: 3327,527 Executing VM operation: ParallelGCFailedAllocation done
Event: 3328,772 Executing VM operation: ParallelGCFailedAllocation
Event: 3328,775 Executing VM operation: ParallelGCFailedAllocation done
Event: 3330,019 Executing VM operation: ParallelGCFailedAllocation
Event: 3330,022 Executing VM operation: ParallelGCFailedAllocation done
Event: 3331,267 Executing VM operation: ParallelGCFailedAllocation
Event: 3331,270 Executing VM operation: ParallelGCFailedAllocation done
Event: 3332,197 Thread 0x00007f8f2c041000 Uncommon trap: trap_request=0xffffffde fr.pc=0x00007f8f898237b0
Event: 3332,197 Thread 0x00007f8f2c041000 DEOPT PACKING pc=0x00007f8f898237b0 sp=0x00007f8f690b74a0
Event: 3332,197 Thread 0x00007f8f2c041000 DEOPT UNPACKING pc=0x00007f8f8904557a sp=0x00007f8f690b7400 mode 2


Dynamic libraries:
86400000-8b580000 rw-p 00000000 00:00 0 
8b580000-d7700000 ---p 00000000 00:00 0 
d7700000-ddf80000 rw-p 00000000 00:00 0 
ddf80000-100000000 ---p 00000000 00:00 0 
100000000-100220000 rw-p 00000000 00:00 0 
100220000-140000000 ---p 00000000 00:00 0 
5559d5fcf000-5559d5fd0000 r-xp 00000000 08:05 1332260                    /usr/lib/jvm/zulu8-ca-amd64/jre/bin/java
5559d61cf000-5559d61d0000 r--p 00000000 08:05 1332260                    /usr/lib/jvm/zulu8-ca-amd64/jre/bin/java
5559d61d0000-5559d61d1000 rw-p 00001000 08:05 1332260                    /usr/lib/jvm/zulu8-ca-amd64/jre/bin/java
5559d782a000-5559d784b000 rw-p 00000000 00:00 0                          [heap]
7f8f1c000000-7f8f1c021000 rw-p 00000000 00:00 0 
7f8f1c021000-7f8f20000000 ---p 00000000 00:00 0 
7f8f20000000-7f8f202b1000 rw-p 00000000 00:00 0 
7f8f202b1000-7f8f24000000 ---p 00000000 00:00 0 
7f8f24000000-7f8f24021000 rw-p 00000000 00:00 0 
7f8f24021000-7f8f28000000 ---p 00000000 00:00 0 
7f8f28000000-7f8f28021000 rw-p 00000000 00:00 0 
7f8f28021000-7f8f2c000000 ---p 00000000 00:00 0 
7f8f2c000000-7f8f2c1b6000 rw-p 00000000 00:00 0 
7f8f2c1b6000-7f8f30000000 ---p 00000000 00:00 0 
7f8f30000000-7f8f30021000 rw-p 00000000 00:00 0 
7f8f30021000-7f8f34000000 ---p 00000000 00:00 0 
7f8f34000000-7f8f34021000 rw-p 00000000 00:00 0 
7f8f34021000-7f8f38000000 ---p 00000000 00:00 0 
7f8f38000000-7f8f38021000 rw-p 00000000 00:00 0 
7f8f38021000-7f8f3c000000 ---p 00000000 00:00 0 
7f8f3c000000-7f8f3c021000 rw-p 00000000 00:00 0 
7f8f3c021000-7f8f40000000 ---p 00000000 00:00 0 
7f8f40000000-7f8f4039a000 rw-p 00000000 00:00 0 
7f8f4039a000-7f8f44000000 ---p 00000000 00:00 0 
7f8f44000000-7f8f446ce000 rw-p 00000000 00:00 0 
7f8f446ce000-7f8f48000000 ---p 00000000 00:00 0 
7f8f4c000000-7f8f4c021000 rw-p 00000000 00:00 0 
7f8f4c021000-7f8f50000000 ---p 00000000 00:00 0 
7f8f50000000-7f8f5234f000 rw-p 00000000 00:00 0 
7f8f5234f000-7f8f54000000 ---p 00000000 00:00 0 
7f8f54000000-7f8f54021000 rw-p 00000000 00:00 0 
7f8f54021000-7f8f58000000 ---p 00000000 00:00 0 
7f8f58000000-7f8f58021000 rw-p 00000000 00:00 0 
7f8f58021000-7f8f5c000000 ---p 00000000 00:00 0 
7f8f5c000000-7f8f5e543000 rw-p 00000000 00:00 0 
7f8f5e543000-7f8f60000000 ---p 00000000 00:00 0 
7f8f60000000-7f8f60021000 rw-p 00000000 00:00 0 
7f8f60021000-7f8f64000000 ---p 00000000 00:00 0 
7f8f64000000-7f8f64021000 rw-p 00000000 00:00 0 
7f8f64021000-7f8f68000000 ---p 00000000 00:00 0 
7f8f68db8000-7f8f68e78000 rw-p 00000000 00:00 0 
7f8f68e78000-7f8f68fb8000 ---p 00000000 00:00 0 
7f8f68fb8000-7f8f68fbc000 ---p 00000000 00:00 0 
7f8f68fbc000-7f8f690b9000 rw-p 00000000 00:00 0 
7f8f690b9000-7f8f690bd000 ---p 00000000 00:00 0 
7f8f690bd000-7f8f693ba000 rw-p 00000000 00:00 0 
7f8f693ba000-7f8f693be000 ---p 00000000 00:00 0 
7f8f693be000-7f8f694bb000 rw-p 00000000 00:00 0 
7f8f694bb000-7f8f694bf000 ---p 00000000 00:00 0 
7f8f694bf000-7f8f695bc000 rw-p 00000000 00:00 0 
7f8f695bc000-7f8f695c0000 ---p 00000000 00:00 0 
7f8f695c0000-7f8f698bd000 rw-p 00000000 00:00 0 
7f8f698bd000-7f8f69abd000 rw-p 00000000 00:00 0 
7f8f69abd000-7f8f69ac1000 ---p 00000000 00:00 0 
7f8f69ac1000-7f8f69bbe000 rw-p 00000000 00:00 0 
7f8f69bbe000-7f8f69bc2000 ---p 00000000 00:00 0 
7f8f69bc2000-7f8f69cbf000 rw-p 00000000 00:00 0 
7f8f69cbf000-7f8f69cc3000 ---p 00000000 00:00 0 
7f8f69cc3000-7f8f69dc0000 rw-p 00000000 00:00 0 
7f8f69dc0000-7f8f69dcb000 r--s 00000000 08:05 274312                     /var/cache/fontconfig/b338f329-723c-4cc8-beb3-cc6b72b25b1b-le64.cache-7
7f8f69dcb000-7f8f69dd1000 r--s 00000000 08:05 274321                     /var/cache/fontconfig/ced2f61c-3890-4cdd-be29-e434b5ab5a3d-le64.cache-7
7f8f69dd1000-7f8f69dd2000 r--s 00000000 08:05 274328                     /var/cache/fontconfig/dd1b50b9-f5aa-4973-9b27-5b8cce059846-le64.cache-7
7f8f69dd2000-7f8f69de8000 r--s 00000000 08:05 274292                     /var/cache/fontconfig/6e071ccc-b462-445a-963a-eb47381e2582-le64.cache-7
7f8f69de8000-7f8f69de9000 r--s 00000000 08:05 274271                     /var/cache/fontconfig/138a4334-48b0-415f-891f-0c680965f943-le64.cache-7
7f8f69de9000-7f8f69dea000 r--s 00000000 08:05 274278                     /var/cache/fontconfig/3bb792a0-4255-4fbc-800f-9a9af8373cf7-le64.cache-7
7f8f69dea000-7f8f69dec000 r--s 00000000 08:05 274334                     /var/cache/fontconfig/f1ad94b3-a7ef-4711-a55e-e2659cc183c3-le64.cache-7
7f8f69dec000-7f8f69ded000 r--s 00000000 08:05 274268                     /var/cache/fontconfig/0bef0675-66ea-4bce-ba86-2f61c15373eb-le64.cache-7
7f8f69ded000-7f8f69def000 r--s 00000000 08:05 274277                     /var/cache/fontconfig/39bef83b-1fa5-4f45-9ace-29c2488c862a-le64.cache-7
7f8f69def000-7f8f69df1000 r--s 00000000 08:05 274279                     /var/cache/fontconfig/3c7f0265-1cd9-4710-9c3d-a084c885f065-le64.cache-7
7f8f69df1000-7f8f69df2000 r--s 00000000 08:05 270926                     /var/cache/fontconfig/30e8dd2e-6e68-4ebd-bea8-fbbc195a819f-le64.cache-7
7f8f69df2000-7f8f69e5b000 r--s 00000000 08:05 270925                     /var/cache/fontconfig/9dd7b9df-3d61-4113-b5c1-0395da8a73ca-le64.cache-7
7f8f69e5b000-7f8f69e96000 r--s 00000000 08:05 271758                     /var/cache/fontconfig/8a9d0225-83be-4f86-9183-89c869917a9d-le64.cache-7
7f8f69e96000-7f8f69e9b000 r--s 00000000 08:05 274299                     /var/cache/fontconfig/810b6cbf-75cd-4974-980e-28c7a318ef72-le64.cache-7
7f8f69e9b000-7f8f69e9c000 r--s 00000000 08:05 274287                     /var/cache/fontconfig/59014cfd-dd82-47ba-aee2-bc47714f8377-le64.cache-7
7f8f69e9c000-7f8f69e9d000 r--s 00000000 08:05 274315                     /var/cache/fontconfig/b9cb4cfa-9d20-4137-8e9d-d5057d8834cb-le64.cache-7
7f8f69e9d000-7f8f69e9e000 r--s 00000000 08:05 274317                     /var/cache/fontconfig/c000e663-6dea-4485-a94f-a23a7f60fec3-le64.cache-7
7f8f69e9e000-7f8f69e9f000 r--s 00000000 08:05 274273                     /var/cache/fontconfig/239c5f14-36e3-4497-998f-439f058a3fc1-le64.cache-7
7f8f69e9f000-7f8f69ea0000 r--s 00000000 08:05 274306                     /var/cache/fontconfig/9e53ccc8-4243-4ec9-b9ff-b5a502ca2461-le64.cache-7
7f8f69ea0000-7f8f69ea5000 r--s 00000000 08:05 274329                     /var/cache/fontconfig/e369f8c3-8b33-44c2-82e6-6dddc84b4346-le64.cache-7
7f8f69ea5000-7f8f69ea9000 ---p 00000000 00:00 0 
7f8f69ea9000-7f8f69fa6000 rw-p 00000000 00:00 0 
7f8f69fa6000-7f8f69faa000 ---p 00000000 00:00 0 
7f8f69faa000-7f8f6a0a7000 rw-p 00000000 00:00 0 
7f8f6a0a7000-7f8f6a152000 r-xp 00000000 08:05 1332247                    /usr/lib/jvm/zulu8-ca-amd64/jre/lib/amd64/libfreetype.so.6
7f8f6a152000-7f8f6a352000 ---p 000ab000 08:05 1332247                    /usr/lib/jvm/zulu8-ca-amd64/jre/lib/amd64/libfreetype.so.6
7f8f6a352000-7f8f6a359000 rw-p 000ab000 08:05 1332247                    /usr/lib/jvm/zulu8-ca-amd64/jre/lib/amd64/libfreetype.so.6
7f8f6a359000-7f8f6a3bc000 r-xp 00000000 08:05 1332248                    /usr/lib/jvm/zulu8-ca-amd64/jre/lib/amd64/libfontmanager.so
7f8f6a3bc000-7f8f6a5bc000 ---p 00063000 08:05 1332248                    /usr/lib/jvm/zulu8-ca-amd64/jre/lib/amd64/libfontmanager.so
7f8f6a5bc000-7f8f6a5c0000 r--p 00063000 08:05 1332248                    /usr/lib/jvm/zulu8-ca-amd64/jre/lib/amd64/libfontmanager.so
7f8f6a5c0000-7f8f6a5c1000 rw-p 00067000 08:05 1332248                    /usr/lib/jvm/zulu8-ca-amd64/jre/lib/amd64/libfontmanager.so
7f8f6a5c1000-7f8f6a5d3000 rw-p 00000000 00:00 0 
7f8f6a5d3000-7f8f6a5d8000 r-xp 00000000 08:05 1317489                    /usr/lib/x86_64-linux-gnu/libXtst.so.6.1.0
7f8f6a5d8000-7f8f6a7d7000 ---p 00005000 08:05 1317489                    /usr/lib/x86_64-linux-gnu/libXtst.so.6.1.0
7f8f6a7d7000-7f8f6a7d8000 r--p 00004000 08:05 1317489                    /usr/lib/x86_64-linux-gnu/libXtst.so.6.1.0
7f8f6a7d8000-7f8f6a7d9000 rw-p 00005000 08:05 1317489                    /usr/lib/x86_64-linux-gnu/libXtst.so.6.1.0
7f8f6a7d9000-7f8f6a7e2000 r-xp 00000000 08:05 1317483                    /usr/lib/x86_64-linux-gnu/libXrender.so.1.3.0
7f8f6a7e2000-7f8f6a9e1000 ---p 00009000 08:05 1317483                    /usr/lib/x86_64-linux-gnu/libXrender.so.1.3.0
7f8f6a9e1000-7f8f6a9e2000 r--p 00008000 08:05 1317483                    /usr/lib/x86_64-linux-gnu/libXrender.so.1.3.0
7f8f6a9e2000-7f8f6a9e3000 rw-p 00009000 08:05 1317483                    /usr/lib/x86_64-linux-gnu/libXrender.so.1.3.0
7f8f6a9e3000-7f8f6a9fb000 r--p 00000000 08:05 1316099                    /usr/lib/x86_64-linux-gnu/libX11.so.6.3.0
7f8f6a9fb000-7f8f6aa86000 r-xp 00018000 08:05 1316099                    /usr/lib/x86_64-linux-gnu/libX11.so.6.3.0
7f8f6aa86000-7f8f6ab1a000 r--p 000a3000 08:05 1316099                    /usr/lib/x86_64-linux-gnu/libX11.so.6.3.0
7f8f6ab1a000-7f8f6ab1b000 ---p 00137000 08:05 1316099                    /usr/lib/x86_64-linux-gnu/libX11.so.6.3.0
7f8f6ab1b000-7f8f6ab1c000 r--p 00137000 08:05 1316099                    /usr/lib/x86_64-linux-gnu/libX11.so.6.3.0
7f8f6ab1c000-7f8f6ab20000 rw-p 00138000 08:05 1316099                    /usr/lib/x86_64-linux-gnu/libX11.so.6.3.0
7f8f6ab20000-7f8f6ab81000 r-xp 00000000 08:05 1332276                    /usr/lib/jvm/zulu8-ca-amd64/jre/lib/amd64/libawt_xawt.so
7f8f6ab81000-7f8f6ad81000 ---p 00061000 08:05 1332276                    /usr/lib/jvm/zulu8-ca-amd64/jre/lib/amd64/libawt_xawt.so
7f8f6ad81000-7f8f6ad82000 r--p 00061000 08:05 1332276                    /usr/lib/jvm/zulu8-ca-amd64/jre/lib/amd64/libawt_xawt.so
7f8f6ad82000-7f8f6ad85000 rw-p 00062000 08:05 1332276                    /usr/lib/jvm/zulu8-ca-amd64/jre/lib/amd64/libawt_xawt.so
7f8f6ad85000-7f8f6ad87000 rw-p 00000000 00:00 0 
7f8f6ad87000-7f8f6ae2b000 r-xp 00000000 08:05 1332215                    /usr/lib/jvm/zulu8-ca-amd64/jre/lib/amd64/libawt.so
7f8f6ae2b000-7f8f6b02a000 ---p 000a4000 08:05 1332215                    /usr/lib/jvm/zulu8-ca-amd64/jre/lib/amd64/libawt.so
7f8f6b02a000-7f8f6b02b000 r--p 000a3000 08:05 1332215                    /usr/lib/jvm/zulu8-ca-amd64/jre/lib/amd64/libawt.so
7f8f6b02b000-7f8f6b036000 rw-p 000a4000 08:05 1332215                    /usr/lib/jvm/zulu8-ca-amd64/jre/lib/amd64/libawt.so
7f8f6b036000-7f8f6b05b000 rw-p 00000000 00:00 0 
7f8f6b05b000-7f8f6b05c000 ---p 00000000 00:00 0 
7f8f6b05c000-7f8f6b15c000 rw-p 00000000 00:00 0 
7f8f6b15c000-7f8f6b160000 ---p 00000000 00:00 0 
7f8f6b160000-7f8f6b25d000 rw-p 00000000 00:00 0 
7f8f6b25d000-7f8f6b25e000 ---p 00000000 00:00 0 
7f8f6b25e000-7f8f6b262000 ---p 00000000 00:00 0 
7f8f6b262000-7f8f6b35e000 rw-p 00000000 00:00 0 
7f8f6b35e000-7f8f6b35f000 ---p 00000000 00:00 0 
7f8f6b35f000-7f8f6b363000 ---p 00000000 00:00 0 
7f8f6b363000-7f8f6b45f000 rw-p 00000000 00:00 0 
7f8f6b45f000-7f8f6b460000 ---p 00000000 00:00 0 
7f8f6b460000-7f8f6b464000 ---p 00000000 00:00 0 
7f8f6b464000-7f8f6b560000 rw-p 00000000 00:00 0 
7f8f6b560000-7f8f6b564000 ---p 00000000 00:00 0 
7f8f6b564000-7f8f6b661000 rw-p 00000000 00:00 0 
7f8f6b661000-7f8f6b67a000 r-xp 00000000 08:05 1332245                    /usr/lib/jvm/zulu8-ca-amd64/jre/lib/amd64/libnet.so
7f8f6b67a000-7f8f6b879000 ---p 00019000 08:05 1332245                    /usr/lib/jvm/zulu8-ca-amd64/jre/lib/amd64/libnet.so
7f8f6b879000-7f8f6b87a000 r--p 00018000 08:05 1332245                    /usr/lib/jvm/zulu8-ca-amd64/jre/lib/amd64/libnet.so
7f8f6b87a000-7f8f6b87b000 rw-p 00019000 08:05 1332245                    /usr/lib/jvm/zulu8-ca-amd64/jre/lib/amd64/libnet.so
7f8f6b87b000-7f8f6b88c000 r-xp 00000000 08:05 1332241                    /usr/lib/jvm/zulu8-ca-amd64/jre/lib/amd64/libnio.so
7f8f6b88c000-7f8f6ba8c000 ---p 00011000 08:05 1332241                    /usr/lib/jvm/zulu8-ca-amd64/jre/lib/amd64/libnio.so
7f8f6ba8c000-7f8f6ba8d000 r--p 00011000 08:05 1332241                    /usr/lib/jvm/zulu8-ca-amd64/jre/lib/amd64/libnio.so
7f8f6ba8d000-7f8f6ba8e000 rw-p 00012000 08:05 1332241                    /usr/lib/jvm/zulu8-ca-amd64/jre/lib/amd64/libnio.so
7f8f6ba8e000-7f8f6c000000 r--p 00000000 08:05 1310908                    /usr/lib/locale/locale-archive
7f8f6c000000-7f8f6c021000 rw-p 00000000 00:00 0 
7f8f6c021000-7f8f70000000 ---p 00000000 00:00 0 
7f8f70000000-7f8f70021000 rw-p 00000000 00:00 0 
7f8f70021000-7f8f74000000 ---p 00000000 00:00 0 
7f8f74000000-7f8f74021000 rw-p 00000000 00:00 0 
7f8f74021000-7f8f78000000 ---p 00000000 00:00 0 
7f8f78000000-7f8f78021000 rw-p 00000000 00:00 0 
7f8f78021000-7f8f7c000000 ---p 00000000 00:00 0 
7f8f7c000000-7f8f7c021000 rw-p 00000000 00:00 0 
7f8f7c021000-7f8f80000000 ---p 00000000 00:00 0 
7f8f80000000-7f8f80001000 r--s 00000000 08:05 274337                     /var/cache/fontconfig/fe0bce9a-bf2e-4c32-95d1-2cfbf599c04b-le64.cache-7
7f8f80001000-7f8f80002000 r--s 00000000 08:05 274323                     /var/cache/fontconfig/d7221a20-8d8f-4dad-a3a5-c01a2ccacbf5-le64.cache-7
7f8f80002000-7f8f80003000 r--s 00000000 08:05 274297                     /var/cache/fontconfig/78adc6d2-70cc-4f86-8431-617fc7b60446-le64.cache-7
7f8f80003000-7f8f8000a000 r--s 00000000 08:05 274320                     /var/cache/fontconfig/c9e99cf2-1b1a-4fff-925a-8e1ec8d37e8b-le64.cache-7
7f8f8000a000-7f8f8001d000 r--s 00000000 08:05 274288                     /var/cache/fontconfig/594d168b-cc37-4059-b422-257dca99bfd2-le64.cache-7
7f8f8001d000-7f8f80021000 ---p 00000000 00:00 0 
7f8f80021000-7f8f8011e000 rw-p 00000000 00:00 0 
7f8f8011e000-7f8f80122000 ---p 00000000 00:00 0 
7f8f80122000-7f8f8021f000 rw-p 00000000 00:00 0 
7f8f8021f000-7f8f80223000 ---p 00000000 00:00 0 
7f8f80223000-7f8f84000000 rw-p 00000000 00:00 0 
7f8f84000000-7f8f84021000 rw-p 00000000 00:00 0 
7f8f84021000-7f8f88000000 ---p 00000000 00:00 0 
7f8f88000000-7f8f88001000 r--s 00000000 08:05 274308                     /var/cache/fontconfig/a65faf68-83b9-448e-92a9-4d197a0d0b13-le64.cache-7
7f8f88001000-7f8f88002000 r--s 00000000 08:05 274326                     /var/cache/fontconfig/dac8c7b8-45c4-4b2e-92cb-746006e994b8-le64.cache-7
7f8f88002000-7f8f88003000 r--s 00000000 08:05 274281                     /var/cache/fontconfig/3f7ad397-48c3-4663-b919-6879ebe6cb30-le64.cache-7
7f8f88003000-7f8f88004000 r--s 00000000 08:05 274318                     /var/cache/fontconfig/c1200c02-0158-4c9b-b736-d0e36a5f0a63-le64.cache-7
7f8f88004000-7f8f88005000 r--s 00000000 08:05 274311                     /var/cache/fontconfig/b18e7bed-6bac-464e-a250-5432af1e6835-le64.cache-7
7f8f88005000-7f8f8800b000 r--s 00000000 08:05 274295                     /var/cache/fontconfig/76f089ab-b0c4-411a-a10b-da6a05519984-le64.cache-7
7f8f8800b000-7f8f8800d000 r--s 00000000 08:05 274301                     /var/cache/fontconfig/8dca5088-0adb-4633-b2bb-492cdf4b9ac8-le64.cache-7
7f8f8800d000-7f8f88011000 r--s 00000000 08:05 274314                     /var/cache/fontconfig/b7538f39-39c7-45b5-bc66-8140f910426b-le64.cache-7
7f8f88011000-7f8f88012000 r--s 00000000 08:05 274284                     /var/cache/fontconfig/47409e88-982a-4699-834e-fca81aa0bb87-le64.cache-7
7f8f88012000-7f8f88013000 r--s 00000000 08:05 274304                     /var/cache/fontconfig/9b90cd63-21ba-4cfb-9f35-f5a8dc15a020-le64.cache-7
7f8f88013000-7f8f88014000 r--s 00000000 08:05 274316                     /var/cache/fontconfig/bcb23aeb-e6a3-4ac7-9f42-1fb88db0597b-le64.cache-7
7f8f88014000-7f8f88017000 r--s 00000000 08:05 274291                     /var/cache/fontconfig/6da63645-a02c-48af-8a58-ed205c5573f6-le64.cache-7
7f8f88017000-7f8f88019000 r--s 00000000 08:05 274276                     /var/cache/fontconfig/3251a3b9-7373-40c7-9472-9787814b552b-le64.cache-7
7f8f88019000-7f8f8801c000 r--s 00000000 08:05 274331                     /var/cache/fontconfig/ec98f342-8f29-41dd-959d-a758ba76c9dd-le64.cache-7
7f8f8801c000-7f8f88020000 r--s 00000000 08:05 274290                     /var/cache/fontconfig/6bf3f0ac-0eb8-4526-a285-e21f3a0b414d-le64.cache-7
7f8f88020000-7f8f8802e000 r--s 00000000 08:05 274285                     /var/cache/fontconfig/53a5e7d6-4222-4981-a340-5100f23f796b-le64.cache-7
7f8f880a8000-7f8f880ac000 rw-s 00000000 00:01 4882477                    /SYSV00000000 (deleted)
7f8f880ac000-7f8f880ae000 r--p 00000000 08:05 1317465                    /usr/lib/x86_64-linux-gnu/libXfixes.so.3.1.0
7f8f880ae000-7f8f880b1000 r-xp 00002000 08:05 1317465                    /usr/lib/x86_64-linux-gnu/libXfixes.so.3.1.0
7f8f880b1000-7f8f880b2000 r--p 00005000 08:05 1317465                    /usr/lib/x86_64-linux-gnu/libXfixes.so.3.1.0
7f8f880b2000-7f8f880b3000 r--p 00005000 08:05 1317465                    /usr/lib/x86_64-linux-gnu/libXfixes.so.3.1.0
7f8f880b3000-7f8f880b4000 rw-p 00006000 08:05 1317465                    /usr/lib/x86_64-linux-gnu/libXfixes.so.3.1.0
7f8f880b4000-7f8f880b5000 r--s 00000000 08:05 274280                     /var/cache/fontconfig/3e692343-8400-495b-b36e-8b3876aac091-le64.cache-7
7f8f880b5000-7f8f880b6000 r--s 00000000 08:05 274310                     /var/cache/fontconfig/ae5b9db3-93ea-4aec-a4ff-9d54fb62a6b3-le64.cache-7
7f8f880b6000-7f8f880b7000 r--s 00000000 08:05 274322                     /var/cache/fontconfig/d0c1a8bf-d4ee-46f3-a729-69a741afa092-le64.cache-7
7f8f880b7000-7f8f880b8000 r--s 00000000 08:05 274269                     /var/cache/fontconfig/0f857de2-c17e-4de2-9f2b-e42b2711cf73-le64.cache-7
7f8f880b8000-7f8f880b9000 r--s 00000000 08:05 274270                     /var/cache/fontconfig/110bacf9-f81a-4874-8c8b-3964c9886f40-le64.cache-7
7f8f880b9000-7f8f880ba000 r--s 00000000 08:05 274282                     /var/cache/fontconfig/43efe76e-ffcb-42e4-8e49-20331c955ff5-le64.cache-7
7f8f880ba000-7f8f880bb000 r--s 00000000 08:05 274330                     /var/cache/fontconfig/e56e9b80-4b9b-4dbe-abd0-732a8acc1c4f-le64.cache-7
7f8f880bb000-7f8f880cb000 r--s 00000000 08:05 274296                     /var/cache/fontconfig/7769a091-6d9f-45c0-98c7-08cc3902dc0a-le64.cache-7
7f8f880cb000-7f8f880f1000 r--p 00000000 08:05 541951                     /usr/share/locale-langpack/pt_BR/LC_MESSAGES/libc.mo
7f8f880f1000-7f8f880f2000 ---p 00000000 00:00 0 
7f8f880f2000-7f8f89000000 rw-p 00000000 00:00 0 
7f8f89000000-7f8f89a10000 rwxp 00000000 00:00 0 
7f8f89a10000-7f8f98000000 ---p 00000000 00:00 0 
7f8f98000000-7f8f985a9000 rw-p 00000000 00:00 0 
7f8f985a9000-7f8f9c000000 ---p 00000000 00:00 0 
7f8f9c000000-7f8f9c001000 r--s 00000000 08:05 274294                     /var/cache/fontconfig/7454d52b-5755-48af-933f-effdc62ca9bf-le64.cache-7
7f8f9c001000-7f8f9c002000 r--s 00000000 08:05 274289                     /var/cache/fontconfig/657bf5eb-1898-4f88-b8c8-c8288fc9bd09-le64.cache-7
7f8f9c002000-7f8f9c005000 r--s 00000000 08:05 274293                     /var/cache/fontconfig/6ff4a26e-7623-47fe-b6b2-831314d5ca0a-le64.cache-7
7f8f9c005000-7f8f9c009000 r--p 00000000 08:05 1317640                    /usr/lib/x86_64-linux-gnu/libbsd.so.0.10.0
7f8f9c009000-7f8f9c018000 r-xp 00004000 08:05 1317640                    /usr/lib/x86_64-linux-gnu/libbsd.so.0.10.0
7f8f9c018000-7f8f9c01b000 r--p 00013000 08:05 1317640                    /usr/lib/x86_64-linux-gnu/libbsd.so.0.10.0
7f8f9c01b000-7f8f9c01c000 ---p 00016000 08:05 1317640                    /usr/lib/x86_64-linux-gnu/libbsd.so.0.10.0
7f8f9c01c000-7f8f9c01d000 r--p 00016000 08:05 1317640                    /usr/lib/x86_64-linux-gnu/libbsd.so.0.10.0
7f8f9c01d000-7f8f9c01e000 rw-p 00017000 08:05 1317640                    /usr/lib/x86_64-linux-gnu/libbsd.so.0.10.0
7f8f9c01e000-7f8f9c01f000 rw-p 00000000 00:00 0 
7f8f9c01f000-7f8f9c021000 r--p 00000000 08:05 1317461                    /usr/lib/x86_64-linux-gnu/libXdmcp.so.6.0.0
7f8f9c021000-7f8f9c023000 r-xp 00002000 08:05 1317461                    /usr/lib/x86_64-linux-gnu/libXdmcp.so.6.0.0
7f8f9c023000-7f8f9c025000 r--p 00004000 08:05 1317461                    /usr/lib/x86_64-linux-gnu/libXdmcp.so.6.0.0
7f8f9c025000-7f8f9c026000 r--p 00005000 08:05 1317461                    /usr/lib/x86_64-linux-gnu/libXdmcp.so.6.0.0
7f8f9c026000-7f8f9c027000 rw-p 00006000 08:05 1317461                    /usr/lib/x86_64-linux-gnu/libXdmcp.so.6.0.0
7f8f9c027000-7f8f9c028000 r--p 00000000 08:05 1317450                    /usr/lib/x86_64-linux-gnu/libXau.so.6.0.0
7f8f9c028000-7f8f9c02a000 r-xp 00001000 08:05 1317450                    /usr/lib/x86_64-linux-gnu/libXau.so.6.0.0
7f8f9c02a000-7f8f9c02b000 r--p 00003000 08:05 1317450                    /usr/lib/x86_64-linux-gnu/libXau.so.6.0.0
7f8f9c02b000-7f8f9c02c000 r--p 00003000 08:05 1317450                    /usr/lib/x86_64-linux-gnu/libXau.so.6.0.0
7f8f9c02c000-7f8f9c02d000 rw-p 00004000 08:05 1317450                    /usr/lib/x86_64-linux-gnu/libXau.so.6.0.0
7f8f9c02d000-7f8f9c038000 r--p 00000000 08:05 1319052                    /usr/lib/x86_64-linux-gnu/libxcb.so.1.1.0
7f8f9c038000-7f8f9c04c000 r-xp 0000b000 08:05 1319052                    /usr/lib/x86_64-linux-gnu/libxcb.so.1.1.0
7f8f9c04c000-7f8f9c055000 r--p 0001f000 08:05 1319052                    /usr/lib/x86_64-linux-gnu/libxcb.so.1.1.0
7f8f9c055000-7f8f9c056000 r--p 00027000 08:05 1319052                    /usr/lib/x86_64-linux-gnu/libxcb.so.1.1.0
7f8f9c056000-7f8f9c057000 rw-p 00028000 08:05 1319052                    /usr/lib/x86_64-linux-gnu/libxcb.so.1.1.0
7f8f9c057000-7f8f9c059000 r--p 00000000 08:05 1317471                    /usr/lib/x86_64-linux-gnu/libXi.so.6.1.0
7f8f9c059000-7f8f9c064000 r-xp 00002000 08:05 1317471                    /usr/lib/x86_64-linux-gnu/libXi.so.6.1.0
7f8f9c064000-7f8f9c067000 r--p 0000d000 08:05 1317471                    /usr/lib/x86_64-linux-gnu/libXi.so.6.1.0
7f8f9c067000-7f8f9c068000 r--p 0000f000 08:05 1317471                    /usr/lib/x86_64-linux-gnu/libXi.so.6.1.0
7f8f9c068000-7f8f9c069000 rw-p 00010000 08:05 1317471                    /usr/lib/x86_64-linux-gnu/libXi.so.6.1.0
7f8f9c069000-7f8f9c06d000 r--p 00000000 08:05 1317463                    /usr/lib/x86_64-linux-gnu/libXext.so.6.4.0
7f8f9c06d000-7f8f9c078000 r-xp 00004000 08:05 1317463                    /usr/lib/x86_64-linux-gnu/libXext.so.6.4.0
7f8f9c078000-7f8f9c07c000 r--p 0000f000 08:05 1317463                    /usr/lib/x86_64-linux-gnu/libXext.so.6.4.0
7f8f9c07c000-7f8f9c07d000 r--p 00012000 08:05 1317463                    /usr/lib/x86_64-linux-gnu/libXext.so.6.4.0
7f8f9c07d000-7f8f9c07e000 rw-p 00013000 08:05 1317463                    /usr/lib/x86_64-linux-gnu/libXext.so.6.4.0
7f8f9c07e000-7f8f9c081000 r--s 00000000 08:05 281570                     /var/cache/fontconfig/ee9fc3fb-adaa-46bc-be8a-f45b5ed394b6-le64.cache-7
7f8f9c081000-7f8f9c084000 r--p 00000000 08:05 1317457                    /usr/lib/x86_64-linux-gnu/libXcursor.so.1.0.2
7f8f9c084000-7f8f9c08a000 r-xp 00003000 08:05 1317457                    /usr/lib/x86_64-linux-gnu/libXcursor.so.1.0.2
7f8f9c08a000-7f8f9c08c000 r--p 00009000 08:05 1317457                    /usr/lib/x86_64-linux-gnu/libXcursor.so.1.0.2
7f8f9c08c000-7f8f9c08d000 r--p 0000a000 08:05 1317457                    /usr/lib/x86_64-linux-gnu/libXcursor.so.1.0.2
7f8f9c08d000-7f8f9c08e000 rw-p 0000b000 08:05 1317457                    /usr/lib/x86_64-linux-gnu/libXcursor.so.1.0.2
7f8f9c08e000-7f8f9c095000 r--s 00000000 08:05 139150                     /usr/lib/x86_64-linux-gnu/gconv/gconv-modules.cache
7f8f9c095000-7f8f9c09a000 r--s 002f9000 08:05 1330967                    /usr/lib/jvm/zulu8-ca-amd64/jre/lib/charsets.jar
7f8f9c09a000-7f8f9c0a1000 r--s 000d3000 08:05 1330983                    /usr/lib/jvm/zulu8-ca-amd64/jre/lib/jfr.jar
7f8f9c0a1000-7f8f9c0a3000 r--s 0001d000 07:0c 671                        /snap/intellij-idea-community/273/lib/idea_rt.jar
7f8f9c0a3000-7f8f9c0b6000 r--s 0034c000 08:05 1330984                    /usr/lib/jvm/zulu8-ca-amd64/jre/lib/resources.jar
7f8f9c0b6000-7f8f9c0c7000 r--s 001c5000 08:05 1316667                    /usr/lib/jvm/zulu8-ca-amd64/jre/lib/jsse.jar
7f8f9c0c7000-7f8f9c0ce000 r--s 000d3000 08:05 1330983                    /usr/lib/jvm/zulu8-ca-amd64/jre/lib/jfr.jar
7f8f9c0ce000-7f8f9c0d0000 r--s 00016000 08:05 1319358                    /usr/lib/jvm/zulu8-ca-amd64/jre/lib/jce.jar
7f8f9c0d0000-7f8f9c0f1000 r--s 001f4000 08:05 1332249                    /usr/lib/jvm/zulu8-ca-amd64/jre/lib/crs-agent.jar
7f8f9c0f1000-7f8f9c0f6000 r--s 002f9000 08:05 1330967                    /usr/lib/jvm/zulu8-ca-amd64/jre/lib/charsets.jar
7f8f9c0f6000-7f8f9c245000 rw-p 00000000 00:00 0 
7f8f9c245000-7f8f9c419000 r--s 03ce8000 08:05 1332210                    /usr/lib/jvm/zulu8-ca-amd64/jre/lib/rt.jar
7f8f9c419000-7f8f9d0df000 rw-p 00000000 00:00 0 
7f8f9d0df000-7f8f9d0e0000 ---p 00000000 00:00 0 
7f8f9d0e0000-7f8f9d1e0000 rw-p 00000000 00:00 0 
7f8f9d1e0000-7f8f9d1e1000 ---p 00000000 00:00 0 
7f8f9d1e1000-7f8f9d2e1000 rw-p 00000000 00:00 0 
7f8f9d2e1000-7f8f9d2e2000 ---p 00000000 00:00 0 
7f8f9d2e2000-7f8f9d3e2000 rw-p 00000000 00:00 0 
7f8f9d3e2000-7f8f9d3e3000 ---p 00000000 00:00 0 
7f8f9d3e3000-7f8f9d50c000 rw-p 00000000 00:00 0 
7f8f9d50c000-7f8f9d76d000 ---p 00000000 00:00 0 
7f8f9d76d000-7f8f9d796000 rw-p 00000000 00:00 0 
7f8f9d796000-7f8f9d9f6000 ---p 00000000 00:00 0 
7f8f9d9f6000-7f8f9da2b000 rw-p 00000000 00:00 0 
7f8f9da2b000-7f8f9db3b000 ---p 00000000 00:00 0 
7f8f9db3b000-7f8f9db65000 rw-p 00000000 00:00 0 
7f8f9db65000-7f8f9defc000 ---p 00000000 00:00 0 
7f8f9defc000-7f8f9df17000 r-xp 00000000 08:05 1332246                    /usr/lib/jvm/zulu8-ca-amd64/jre/lib/amd64/libzip.so
7f8f9df17000-7f8f9e117000 ---p 0001b000 08:05 1332246                    /usr/lib/jvm/zulu8-ca-amd64/jre/lib/amd64/libzip.so
7f8f9e117000-7f8f9e118000 r--p 0001b000 08:05 1332246                    /usr/lib/jvm/zulu8-ca-amd64/jre/lib/amd64/libzip.so
7f8f9e118000-7f8f9e119000 rw-p 0001c000 08:05 1332246                    /usr/lib/jvm/zulu8-ca-amd64/jre/lib/amd64/libzip.so
7f8f9e119000-7f8f9e121000 rw-s 00000000 08:05 530106                     /tmp/hsperfdata_patrick/88344
7f8f9e121000-7f8f9e12b000 r-xp 00000000 08:05 1332227                    /usr/lib/jvm/zulu8-ca-amd64/jre/lib/amd64/libinstrument.so
7f8f9e12b000-7f8f9e32a000 ---p 0000a000 08:05 1332227                    /usr/lib/jvm/zulu8-ca-amd64/jre/lib/amd64/libinstrument.so
7f8f9e32a000-7f8f9e32b000 r--p 00009000 08:05 1332227                    /usr/lib/jvm/zulu8-ca-amd64/jre/lib/amd64/libinstrument.so
7f8f9e32b000-7f8f9e32c000 rw-p 0000a000 08:05 1332227                    /usr/lib/jvm/zulu8-ca-amd64/jre/lib/amd64/libinstrument.so
7f8f9e32c000-7f8f9e354000 r-xp 00000000 08:05 1332236                    /usr/lib/jvm/zulu8-ca-amd64/jre/lib/amd64/libjava.so
7f8f9e354000-7f8f9e553000 ---p 00028000 08:05 1332236                    /usr/lib/jvm/zulu8-ca-amd64/jre/lib/amd64/libjava.so
7f8f9e553000-7f8f9e554000 r--p 00027000 08:05 1332236                    /usr/lib/jvm/zulu8-ca-amd64/jre/lib/amd64/libjava.so
7f8f9e554000-7f8f9e556000 rw-p 00028000 08:05 1332236                    /usr/lib/jvm/zulu8-ca-amd64/jre/lib/amd64/libjava.so
7f8f9e556000-7f8f9e564000 r-xp 00000000 08:05 1332216                    /usr/lib/jvm/zulu8-ca-amd64/jre/lib/amd64/libverify.so
7f8f9e564000-7f8f9e763000 ---p 0000e000 08:05 1332216                    /usr/lib/jvm/zulu8-ca-amd64/jre/lib/amd64/libverify.so
7f8f9e763000-7f8f9e765000 r--p 0000d000 08:05 1332216                    /usr/lib/jvm/zulu8-ca-amd64/jre/lib/amd64/libverify.so
7f8f9e765000-7f8f9e766000 rw-p 0000f000 08:05 1332216                    /usr/lib/jvm/zulu8-ca-amd64/jre/lib/amd64/libverify.so
7f8f9e766000-7f8f9e769000 r--p 00000000 08:05 1310407                    /usr/lib/x86_64-linux-gnu/librt-2.31.so
7f8f9e769000-7f8f9e76d000 r-xp 00003000 08:05 1310407                    /usr/lib/x86_64-linux-gnu/librt-2.31.so
7f8f9e76d000-7f8f9e76e000 r--p 00007000 08:05 1310407                    /usr/lib/x86_64-linux-gnu/librt-2.31.so
7f8f9e76e000-7f8f9e76f000 ---p 00008000 08:05 1310407                    /usr/lib/x86_64-linux-gnu/librt-2.31.so
7f8f9e76f000-7f8f9e770000 r--p 00008000 08:05 1310407                    /usr/lib/x86_64-linux-gnu/librt-2.31.so
7f8f9e770000-7f8f9e771000 rw-p 00009000 08:05 1310407                    /usr/lib/x86_64-linux-gnu/librt-2.31.so
7f8f9e771000-7f8f9e772000 ---p 00000000 00:00 0 
7f8f9e772000-7f8f9e776000 ---p 00000000 00:00 0 
7f8f9e776000-7f8f9e872000 rw-p 00000000 00:00 0 
7f8f9e872000-7f8f9e881000 r--p 00000000 08:05 1310394                    /usr/lib/x86_64-linux-gnu/libm-2.31.so
7f8f9e881000-7f8f9e928000 r-xp 0000f000 08:05 1310394                    /usr/lib/x86_64-linux-gnu/libm-2.31.so
7f8f9e928000-7f8f9e9bf000 r--p 000b6000 08:05 1310394                    /usr/lib/x86_64-linux-gnu/libm-2.31.so
7f8f9e9bf000-7f8f9e9c0000 r--p 0014c000 08:05 1310394                    /usr/lib/x86_64-linux-gnu/libm-2.31.so
7f8f9e9c0000-7f8f9e9c1000 rw-p 0014d000 08:05 1310394                    /usr/lib/x86_64-linux-gnu/libm-2.31.so
7f8f9e9c1000-7f8f9f6d6000 r-xp 00000000 08:05 1332220                    /usr/lib/jvm/zulu8-ca-amd64/jre/lib/amd64/server/libjvm.so
7f8f9f6d6000-7f8f9f8d5000 ---p 00d15000 08:05 1332220                    /usr/lib/jvm/zulu8-ca-amd64/jre/lib/amd64/server/libjvm.so
7f8f9f8d5000-7f8f9f980000 r--p 00d14000 08:05 1332220                    /usr/lib/jvm/zulu8-ca-amd64/jre/lib/amd64/server/libjvm.so
7f8f9f980000-7f8f9f9a9000 rw-p 00dbf000 08:05 1332220                    /usr/lib/jvm/zulu8-ca-amd64/jre/lib/amd64/server/libjvm.so
7f8f9f9a9000-7f8f9f9f0000 rw-p 00000000 00:00 0 
7f8f9f9f0000-7f8f9fa15000 r--p 00000000 08:05 1310392                    /usr/lib/x86_64-linux-gnu/libc-2.31.so
7f8f9fa15000-7f8f9fb8d000 r-xp 00025000 08:05 1310392                    /usr/lib/x86_64-linux-gnu/libc-2.31.so
7f8f9fb8d000-7f8f9fbd7000 r--p 0019d000 08:05 1310392                    /usr/lib/x86_64-linux-gnu/libc-2.31.so
7f8f9fbd7000-7f8f9fbd8000 ---p 001e7000 08:05 1310392                    /usr/lib/x86_64-linux-gnu/libc-2.31.so
7f8f9fbd8000-7f8f9fbdb000 r--p 001e7000 08:05 1310392                    /usr/lib/x86_64-linux-gnu/libc-2.31.so
7f8f9fbdb000-7f8f9fbde000 rw-p 001ea000 08:05 1310392                    /usr/lib/x86_64-linux-gnu/libc-2.31.so
7f8f9fbde000-7f8f9fbe2000 rw-p 00000000 00:00 0 
7f8f9fbe2000-7f8f9fbe3000 r--p 00000000 08:05 1310393                    /usr/lib/x86_64-linux-gnu/libdl-2.31.so
7f8f9fbe3000-7f8f9fbe5000 r-xp 00001000 08:05 1310393                    /usr/lib/x86_64-linux-gnu/libdl-2.31.so
7f8f9fbe5000-7f8f9fbe6000 r--p 00003000 08:05 1310393                    /usr/lib/x86_64-linux-gnu/libdl-2.31.so
7f8f9fbe6000-7f8f9fbe7000 r--p 00003000 08:05 1310393                    /usr/lib/x86_64-linux-gnu/libdl-2.31.so
7f8f9fbe7000-7f8f9fbe8000 rw-p 00004000 08:05 1310393                    /usr/lib/x86_64-linux-gnu/libdl-2.31.so
7f8f9fbe8000-7f8f9fbfe000 r-xp 00000000 08:05 1332243                    /usr/lib/jvm/zulu8-ca-amd64/jre/lib/amd64/jli/libjli.so
7f8f9fbfe000-7f8f9fdfd000 ---p 00016000 08:05 1332243                    /usr/lib/jvm/zulu8-ca-amd64/jre/lib/amd64/jli/libjli.so
7f8f9fdfd000-7f8f9fdfe000 r--p 00015000 08:05 1332243                    /usr/lib/jvm/zulu8-ca-amd64/jre/lib/amd64/jli/libjli.so
7f8f9fdfe000-7f8f9fdff000 rw-p 00016000 08:05 1332243                    /usr/lib/jvm/zulu8-ca-amd64/jre/lib/amd64/jli/libjli.so
7f8f9fdff000-7f8f9fe06000 r--p 00000000 08:05 1310405                    /usr/lib/x86_64-linux-gnu/libpthread-2.31.so
7f8f9fe06000-7f8f9fe17000 r-xp 00007000 08:05 1310405                    /usr/lib/x86_64-linux-gnu/libpthread-2.31.so
7f8f9fe17000-7f8f9fe1c000 r--p 00018000 08:05 1310405                    /usr/lib/x86_64-linux-gnu/libpthread-2.31.so
7f8f9fe1c000-7f8f9fe1d000 r--p 0001c000 08:05 1310405                    /usr/lib/x86_64-linux-gnu/libpthread-2.31.so
7f8f9fe1d000-7f8f9fe1e000 rw-p 0001d000 08:05 1310405                    /usr/lib/x86_64-linux-gnu/libpthread-2.31.so
7f8f9fe1e000-7f8f9fe22000 rw-p 00000000 00:00 0 
7f8f9fe22000-7f8f9fe23000 r--s 00000000 08:05 1332180                    /usr/lib/jvm/zulu8-ca-amd64/jre/lib/management-agent.jar
7f8f9fe23000-7f8f9fe24000 r--s 0001a000 08:05 687056                     /home/patrick/rea de Trabalho/Projetos-IA/Trabalho IA - Poupador/lib/poupador.jar
7f8f9fe24000-7f8f9fe27000 r--p 00000000 08:05 1310400                    /usr/lib/x86_64-linux-gnu/libnss_files-2.31.so
7f8f9fe27000-7f8f9fe2e000 r-xp 00003000 08:05 1310400                    /usr/lib/x86_64-linux-gnu/libnss_files-2.31.so
7f8f9fe2e000-7f8f9fe30000 r--p 0000a000 08:05 1310400                    /usr/lib/x86_64-linux-gnu/libnss_files-2.31.so
7f8f9fe30000-7f8f9fe31000 r--p 0000b000 08:05 1310400                    /usr/lib/x86_64-linux-gnu/libnss_files-2.31.so
7f8f9fe31000-7f8f9fe32000 rw-p 0000c000 08:05 1310400                    /usr/lib/x86_64-linux-gnu/libnss_files-2.31.so
7f8f9fe32000-7f8f9fe3b000 rw-p 00000000 00:00 0 
7f8f9fe3b000-7f8f9fe3c000 r--p 00000000 08:05 1310387                    /usr/lib/x86_64-linux-gnu/ld-2.31.so
7f8f9fe3c000-7f8f9fe5f000 r-xp 00001000 08:05 1310387                    /usr/lib/x86_64-linux-gnu/ld-2.31.so
7f8f9fe5f000-7f8f9fe67000 r--p 00024000 08:05 1310387                    /usr/lib/x86_64-linux-gnu/ld-2.31.so
7f8f9fe67000-7f8f9fe68000 r--p 00000000 00:00 0 
7f8f9fe68000-7f8f9fe69000 r--p 0002c000 08:05 1310387                    /usr/lib/x86_64-linux-gnu/ld-2.31.so
7f8f9fe69000-7f8f9fe6a000 rw-p 0002d000 08:05 1310387                    /usr/lib/x86_64-linux-gnu/ld-2.31.so
7f8f9fe6a000-7f8f9fe6b000 rw-p 00000000 00:00 0 
7ffddd3c1000-7ffddd3e2000 rw-p 00000000 00:00 0                          [stack]
7ffddd3fb000-7ffddd3fe000 r--p 00000000 00:00 0                          [vvar]
7ffddd3fe000-7ffddd3ff000 r-xp 00000000 00:00 0                          [vdso]
ffffffffff600000-ffffffffff601000 --xp 00000000 00:00 0                  [vsyscall]

VM Arguments:
jvm_args: -javaagent:/snap/intellij-idea-community/273/lib/idea_rt.jar=35283:/snap/intellij-idea-community/273/bin -Dfile.encoding=UTF-8 
java_command: aplicacao.Executa
java_class_path (initial): /home/patrick/rea de Trabalho/Projetos-IA/Trabalho IA - Poupador/classes:/home/patrick/rea de Trabalho/Projetos-IA/Trabalho IA - Poupador/lib/poupador.jar:/usr/lib/jvm/zulu8/jre/lib/charsets.jar:/usr/lib/jvm/zulu8/jre/lib/crs-agent.jar:/usr/lib/jvm/zulu8/jre/lib/ext/cldrdata.jar:/usr/lib/jvm/zulu8/jre/lib/ext/dnsns.jar:/usr/lib/jvm/zulu8/jre/lib/ext/jaccess.jar:/usr/lib/jvm/zulu8/jre/lib/ext/legacy8ujsse.jar:/usr/lib/jvm/zulu8/jre/lib/ext/localedata.jar:/usr/lib/jvm/zulu8/jre/lib/ext/nashorn.jar:/usr/lib/jvm/zulu8/jre/lib/ext/openjsse.jar:/usr/lib/jvm/zulu8/jre/lib/ext/sunec.jar:/usr/lib/jvm/zulu8/jre/lib/ext/sunjce_provider.jar:/usr/lib/jvm/zulu8/jre/lib/ext/sunpkcs11.jar:/usr/lib/jvm/zulu8/jre/lib/ext/zipfs.jar:/usr/lib/jvm/zulu8/jre/lib/jce.jar:/usr/lib/jvm/zulu8/jre/lib/jfr.jar:/usr/lib/jvm/zulu8/jre/lib/jsse.jar:/usr/lib/jvm/zulu8/jre/lib/management-agent.jar:/usr/lib/jvm/zulu8/jre/lib/resources.jar:/usr/lib/jvm/zulu8/jre/lib/rt.jar:/snap/intellij-idea-community/273/lib/idea_rt.jar
Launcher Type: SUN_STANDARD

Environment Variables:
JAVA_HOME=/usr/lib/jvm/zulu-11-amd64
PATH=/home/patrick/.local/bin:/usr/local/sbin:/usr/local/bin:/usr/sbin:/usr/bin:/sbin:/bin:/usr/games:/usr/local/games:/snap/bin
SHELL=/bin/bash
DISPLAY=:0

Signal Handlers:
SIGSEGV: [libjvm.so+0xae7d20], sa_mask[0]=11111111011111111101111111111110, sa_flags=SA_RESTART|SA_SIGINFO
SIGBUS: [libjvm.so+0xae7d20], sa_mask[0]=11111111011111111101111111111110, sa_flags=SA_RESTART|SA_SIGINFO
SIGFPE: [libjvm.so+0x9391f0], sa_mask[0]=11111111011111111101111111111110, sa_flags=SA_RESTART|SA_SIGINFO
SIGPIPE: [libjvm.so+0x9391f0], sa_mask[0]=11111111011111111101111111111110, sa_flags=SA_RESTART|SA_SIGINFO
SIGXFSZ: [libjvm.so+0x9391f0], sa_mask[0]=11111111011111111101111111111110, sa_flags=SA_RESTART|SA_SIGINFO
SIGILL: [libjvm.so+0x9391f0], sa_mask[0]=11111111011111111101111111111110, sa_flags=SA_RESTART|SA_SIGINFO
SIGUSR1: SIG_DFL, sa_mask[0]=00000000000000000000000000000000, sa_flags=none
SIGUSR2: [libjvm.so+0x93aad0], sa_mask[0]=00100000000000000000000000000000, sa_flags=SA_RESTART|SA_SIGINFO
SIGHUP: [libjvm.so+0x93c4d0], sa_mask[0]=11111111011111111101111111111110, sa_flags=SA_RESTART|SA_SIGINFO
SIGINT: [libjvm.so+0x93c4d0], sa_mask[0]=11111111011111111101111111111110, sa_flags=SA_RESTART|SA_SIGINFO
SIGTERM: [libjvm.so+0x93c4d0], sa_mask[0]=11111111011111111101111111111110, sa_flags=SA_RESTART|SA_SIGINFO
SIGQUIT: [libjvm.so+0x93c4d0], sa_mask[0]=11111111011111111101111111111110, sa_flags=SA_RESTART|SA_SIGINFO


---------------  S Y S T E M  ---------------

OS:DISTRIB_ID=Ubuntu
DISTRIB_RELEASE=20.04
DISTRIB_CODENAME=focal
DISTRIB_DESCRIPTION="Ubuntu 20.04.2 LTS"

uname:Linux 5.4.0-66-generic #74-Ubuntu SMP Wed Jan 27 22:54:38 UTC 2021 x86_64
libc:glibc 2.31 NPTL 2.31 
rlimit: STACK 8192k, CORE 0k, NPROC 30799, NOFILE 1048576, AS infinity
load average:1,73 1,99 2,13

/proc/meminfo:
MemTotal:        7971720 kB
MemFree:          864948 kB
MemAvailable:    1895972 kB
Buffers:          185704 kB
Cached:          1378048 kB
SwapCached:        38788 kB
Active:          5001204 kB
Inactive:        1592688 kB
Active(anon):    4407020 kB
Inactive(anon):  1011416 kB
Active(file):     594184 kB
Inactive(file):   581272 kB
Unevictable:       54664 kB
Mlocked:              32 kB
SwapTotal:       1425496 kB
SwapFree:         635624 kB
Dirty:              6040 kB
Writeback:             0 kB
AnonPages:       5047572 kB
Mapped:           570668 kB
Shmem:            390780 kB
KReclaimable:     159836 kB
Slab:             319020 kB
SReclaimable:     159836 kB
SUnreclaim:       159184 kB
KernelStack:       15920 kB
PageTables:        59888 kB
NFS_Unstable:          0 kB
Bounce:                0 kB
WritebackTmp:          0 kB
CommitLimit:     5411356 kB
Committed_AS:   17455084 kB
VmallocTotal:   34359738367 kB
VmallocUsed:       33008 kB
VmallocChunk:          0 kB
Percpu:             3440 kB
HardwareCorrupted:     0 kB
AnonHugePages:         0 kB
ShmemHugePages:        0 kB
ShmemPmdMapped:        0 kB
FileHugePages:         0 kB
FilePmdMapped:         0 kB
CmaTotal:              0 kB
CmaFree:               0 kB
HugePages_Total:       0
HugePages_Free:        0
HugePages_Rsvd:        0
HugePages_Surp:        0
Hugepagesize:       2048 kB
Hugetlb:               0 kB
DirectMap4k:      517176 kB
DirectMap2M:     7688192 kB
DirectMap1G:           0 kB

container (cgroup) information:
container_type: cgroupv1
cpu_cpuset_cpus: 0-3
cpu_memory_nodes: 0
active_processor_count: 4
cpu_quota: -1
cpu_period: 100000
cpu_shares: -1
memory_limit_in_bytes: -1
memory_and_swap_limit_in_bytes: -2
memory_soft_limit_in_bytes: -1
memory_usage_in_bytes: 2733187072
memory_max_usage_in_bytes: 4624642048


CPU:total 4 (initial active 4) (2 cores per cpu, 2 threads per core) family 6 model 142 stepping 9, cmov, cx8, fxsr, mmx, sse, sse2, sse3, ssse3, sse4.1, sse4.2, popcnt, avx, avx2, aes, clmul, erms, 3dnowpref, lzcnt, ht, tsc, tscinvbit, bmi1, bmi2, adx

/proc/cpuinfo:
processor	: 0
vendor_id	: GenuineIntel
cpu family	: 6
model		: 142
model name	: Intel(R) Core(TM) i5-7200U CPU @ 2.50GHz
stepping	: 9
microcode	: 0xde
cpu MHz		: 2003.448
cache size	: 3072 KB
physical id	: 0
siblings	: 4
core id		: 0
cpu cores	: 2
apicid		: 0
initial apicid	: 0
fpu		: yes
fpu_exception	: yes
cpuid level	: 22
wp		: yes
flags		: fpu vme de pse tsc msr pae mce cx8 apic sep mtrr pge mca cmov pat pse36 clflush dts acpi mmx fxsr sse sse2 ss ht tm pbe syscall nx pdpe1gb rdtscp lm constant_tsc art arch_perfmon pebs bts rep_good nopl xtopology nonstop_tsc cpuid aperfmperf pni pclmulqdq dtes64 monitor ds_cpl vmx est tm2 ssse3 sdbg fma cx16 xtpr pdcm pcid sse4_1 sse4_2 x2apic movbe popcnt tsc_deadline_timer aes xsave avx f16c rdrand lahf_lm abm 3dnowprefetch cpuid_fault epb invpcid_single pti ssbd ibrs ibpb stibp tpr_shadow vnmi flexpriority ept vpid ept_ad fsgsbase tsc_adjust bmi1 avx2 smep bmi2 erms invpcid mpx rdseed adx smap clflushopt intel_pt xsaveopt xsavec xgetbv1 xsaves dtherm ida arat pln pts hwp hwp_notify hwp_act_window hwp_epp md_clear flush_l1d
bugs		: cpu_meltdown spectre_v1 spectre_v2 spec_store_bypass l1tf mds swapgs itlb_multihit srbds
bogomips	: 5399.81
clflush size	: 64
cache_alignment	: 64
address sizes	: 39 bits physical, 48 bits virtual
power management:

processor	: 1
vendor_id	: GenuineIntel
cpu family	: 6
model		: 142
model name	: Intel(R) Core(TM) i5-7200U CPU @ 2.50GHz
stepping	: 9
microcode	: 0xde
cpu MHz		: 1986.748
cache size	: 3072 KB
physical id	: 0
siblings	: 4
core id		: 1
cpu cores	: 2
apicid		: 2
initial apicid	: 2
fpu		: yes
fpu_exception	: yes
cpuid level	: 22
wp		: yes
flags		: fpu vme de pse tsc msr pae mce cx8 apic sep mtrr pge mca cmov pat pse36 clflush dts acpi mmx fxsr sse sse2 ss ht tm pbe syscall nx pdpe1gb rdtscp lm constant_tsc art arch_perfmon pebs bts rep_good nopl xtopology nonstop_tsc cpuid aperfmperf pni pclmulqdq dtes64 monitor ds_cpl vmx est tm2 ssse3 sdbg fma cx16 xtpr pdcm pcid sse4_1 sse4_2 x2apic movbe popcnt tsc_deadline_timer aes xsave avx f16c rdrand lahf_lm abm 3dnowprefetch cpuid_fault epb invpcid_single pti ssbd ibrs ibpb stibp tpr_shadow vnmi flexpriority ept vpid ept_ad fsgsbase tsc_adjust bmi1 avx2 smep bmi2 erms invpcid mpx rdseed adx smap clflushopt intel_pt xsaveopt xsavec xgetbv1 xsaves dtherm ida arat pln pts hwp hwp_notify hwp_act_window hwp_epp md_clear flush_l1d
bugs		: cpu_meltdown spectre_v1 spectre_v2 spec_store_bypass l1tf mds swapgs itlb_multihit srbds
bogomips	: 5399.81
clflush size	: 64
cache_alignment	: 64
address sizes	: 39 bits physical, 48 bits virtual
power management:

processor	: 2
vendor_id	: GenuineIntel
cpu family	: 6
model		: 142
model name	: Intel(R) Core(TM) i5-7200U CPU @ 2.50GHz
stepping	: 9
microcode	: 0xde
cpu MHz		: 1946.447
cache size	: 3072 KB
physical id	: 0
siblings	: 4
core id		: 0
cpu cores	: 2
apicid		: 1
initial apicid	: 1
fpu		: yes
fpu_exception	: yes
cpuid level	: 22
wp		: yes
flags		: fpu vme de pse tsc msr pae mce cx8 apic sep mtrr pge mca cmov pat pse36 clflush dts acpi mmx fxsr sse sse2 ss ht tm pbe syscall nx pdpe1gb rdtscp lm constant_tsc art arch_perfmon pebs bts rep_good nopl xtopology nonstop_tsc cpuid aperfmperf pni pclmulqdq dtes64 monitor ds_cpl vmx est tm2 ssse3 sdbg fma cx16 xtpr pdcm pcid sse4_1 sse4_2 x2apic movbe popcnt tsc_deadline_timer aes xsave avx f16c rdrand lahf_lm abm 3dnowprefetch cpuid_fault epb invpcid_single pti ssbd ibrs ibpb stibp tpr_shadow vnmi flexpriority ept vpid ept_ad fsgsbase tsc_adjust bmi1 avx2 smep bmi2 erms invpcid mpx rdseed adx smap clflushopt intel_pt xsaveopt xsavec xgetbv1 xsaves dtherm ida arat pln pts hwp hwp_notify hwp_act_window hwp_epp md_clear flush_l1d
bugs		: cpu_meltdown spectre_v1 spectre_v2 spec_store_bypass l1tf mds swapgs itlb_multihit srbds
bogomips	: 5399.81
clflush size	: 64
cache_alignment	: 64
address sizes	: 39 bits physical, 48 bits virtual
power management:

processor	: 3
vendor_id	: GenuineIntel
cpu family	: 6
model		: 142
model name	: Intel(R) Core(TM) i5-7200U CPU @ 2.50GHz
stepping	: 9
microcode	: 0xde
cpu MHz		: 1894.015
cache size	: 3072 KB
physical id	: 0
siblings	: 4
core id		: 1
cpu cores	: 2
apicid		: 3
initial apicid	: 3
fpu		: yes
fpu_exception	: yes
cpuid level	: 22
wp		: yes
flags		: fpu vme de pse tsc msr pae mce cx8 apic sep mtrr pge mca cmov pat pse36 clflush dts acpi mmx fxsr sse sse2 ss ht tm pbe syscall nx pdpe1gb rdtscp lm constant_tsc art arch_perfmon pebs bts rep_good nopl xtopology nonstop_tsc cpuid aperfmperf pni pclmulqdq dtes64 monitor ds_cpl vmx est tm2 ssse3 sdbg fma cx16 xtpr pdcm pcid sse4_1 sse4_2 x2apic movbe popcnt tsc_deadline_timer aes xsave avx f16c rdrand lahf_lm abm 3dnowprefetch cpuid_fault epb invpcid_single pti ssbd ibrs ibpb stibp tpr_shadow vnmi flexpriority ept vpid ept_ad fsgsbase tsc_adjust bmi1 avx2 smep bmi2 erms invpcid mpx rdseed adx smap clflushopt intel_pt xsaveopt xsavec xgetbv1 xsaves dtherm ida arat pln pts hwp hwp_notify hwp_act_window hwp_epp md_clear flush_l1d
bugs		: cpu_meltdown spectre_v1 spectre_v2 spec_store_bypass l1tf mds swapgs itlb_multihit srbds
bogomips	: 5399.81
clflush size	: 64
cache_alignment	: 64
address sizes	: 39 bits physical, 48 bits virtual
power management:



Memory: 4k page, physical 7971720k(864948k free), swap 1425496k(635624k free)

vm_info: OpenJDK 64-Bit Server VM (25.282-b08) for linux-amd64 JRE (Zulu 8.52.0.23-CA-linux64) (1.8.0_282-b08), built on Jan 12 2021 07:57:43 by "zulu_re" with gcc 4.4.7 20120313 (Red Hat 4.4.7-3)

time: Fri Mar  5 20:01:01 2021
timezone: -03
elapsed time: 3332.233200 seconds (0d 0h 55m 32s)

